{"/Users/mkhan259/Documents/Side/weather-dashboard/src/api.ts": {"path":"/Users/mkhan259/Documents/Side/weather-dashboard/src/api.ts","statementMap":{"0":{"start":{"line":1,"column":0},"end":{"line":1,"column":26}},"1":{"start":{"line":3,"column":0},"end":{"line":3,"column":37}},"2":{"start":{"line":7,"column":16},"end":{"line":7,"column":49}},"3":{"start":{"line":8,"column":17},"end":{"line":8,"column":48}},"4":{"start":{"line":17,"column":2},"end":{"line":45,"column":null}},"5":{"start":{"line":18,"column":21},"end":{"line":26,"column":6}},"6":{"start":{"line":28,"column":4},"end":{"line":28,"column":45}},"7":{"start":{"line":30,"column":4},"end":{"line":39,"column":null}},"8":{"start":{"line":32,"column":27},"end":{"line":32,"column":97}},"9":{"start":{"line":33,"column":24},"end":{"line":33,"column":46}},"10":{"start":{"line":35,"column":6},"end":{"line":38,"column":20}},"11":{"start":{"line":42,"column":4},"end":{"line":44,"column":18}},"12":{"start":{"line":16,"column":0},"end":{"line":16,"column":22}},"13":{"start":{"line":55,"column":40},"end":{"line":61,"column":5}},"14":{"start":{"line":55,"column":78},"end":{"line":61,"column":4}},"15":{"start":{"line":64,"column":2},"end":{"line":78,"column":4}}},"fnMap":{"0":{"name":"fetchWeatherData","decl":{"start":{"line":16,"column":22},"end":{"line":16,"column":38}},"loc":{"start":{"line":16,"column":55},"end":{"line":46,"column":null}}},"1":{"name":"processWeatherData","decl":{"start":{"line":53,"column":9},"end":{"line":53,"column":27}},"loc":{"start":{"line":53,"column":49},"end":{"line":79,"column":1}}},"2":{"name":"(anonymous_11)","decl":{"start":{"line":55,"column":70},"end":{"line":55,"column":73}},"loc":{"start":{"line":55,"column":78},"end":{"line":61,"column":4}}}},"branchMap":{"0":{"loc":{"start":{"line":30,"column":4},"end":{"line":39,"column":null}},"type":"if","locations":[{"start":{"line":30,"column":4},"end":{"line":39,"column":null}}]},"1":{"loc":{"start":{"line":32,"column":27},"end":{"line":32,"column":97}},"type":"binary-expr","locations":[{"start":{"line":32,"column":27},"end":{"line":32,"column":63}},{"start":{"line":32,"column":67},"end":{"line":32,"column":97}}]},"2":{"loc":{"start":{"line":32,"column":27},"end":{"line":32,"column":63}},"type":"cond-expr","locations":[{"start":{"line":32,"column":54},"end":{"line":32,"column":56}},{"start":{"line":32,"column":54},"end":{"line":32,"column":63}}]},"3":{"loc":{"start":{"line":32,"column":27},"end":{"line":32,"column":56}},"type":"binary-expr","locations":[{"start":{"line":32,"column":27},"end":{"line":32,"column":56}},{"start":{"line":32,"column":54},"end":{"line":32,"column":56}}]},"4":{"loc":{"start":{"line":32,"column":27},"end":{"line":32,"column":54}},"type":"cond-expr","locations":[{"start":{"line":32,"column":47},"end":{"line":32,"column":49}},{"start":{"line":32,"column":47},"end":{"line":32,"column":54}}]},"5":{"loc":{"start":{"line":32,"column":27},"end":{"line":32,"column":49}},"type":"binary-expr","locations":[{"start":{"line":32,"column":27},"end":{"line":32,"column":49}},{"start":{"line":32,"column":47},"end":{"line":32,"column":49}}]},"6":{"loc":{"start":{"line":32,"column":27},"end":{"line":32,"column":47}},"type":"cond-expr","locations":[{"start":{"line":32,"column":41},"end":{"line":32,"column":43}},{"start":{"line":32,"column":41},"end":{"line":32,"column":47}}]},"7":{"loc":{"start":{"line":32,"column":27},"end":{"line":32,"column":43}},"type":"binary-expr","locations":[{"start":{"line":32,"column":27},"end":{"line":32,"column":43}},{"start":{"line":32,"column":41},"end":{"line":32,"column":43}}]},"8":{"loc":{"start":{"line":33,"column":24},"end":{"line":33,"column":46}},"type":"cond-expr","locations":[{"start":{"line":33,"column":38},"end":{"line":33,"column":40}},{"start":{"line":33,"column":38},"end":{"line":33,"column":46}}]},"9":{"loc":{"start":{"line":33,"column":24},"end":{"line":33,"column":40}},"type":"binary-expr","locations":[{"start":{"line":33,"column":24},"end":{"line":33,"column":40}},{"start":{"line":33,"column":38},"end":{"line":33,"column":40}}]}},"s":{"0":2,"1":2,"2":2,"3":2,"4":3,"5":3,"6":1,"7":2,"8":1,"9":1,"10":1,"11":1,"12":2,"13":1,"14":2,"15":1},"f":{"0":3,"1":1,"2":2},"b":{"0":[1],"1":[1,0],"2":[0,1],"3":[1,1],"4":[0,1],"5":[1,1],"6":[0,1],"7":[1,1],"8":[0,1],"9":[1,1]}}
,"/Users/mkhan259/Documents/Side/weather-dashboard/src/index.ts": {"path":"/Users/mkhan259/Documents/Side/weather-dashboard/src/index.ts","statementMap":{"0":{"start":{"line":1,"column":0},"end":{"line":1,"column":41}},"1":{"start":{"line":2,"column":0},"end":{"line":2,"column":63}},"2":{"start":{"line":3,"column":0},"end":{"line":3,"column":68}},"3":{"start":{"line":6,"column":21},"end":{"line":6,"column":82}},"4":{"start":{"line":7,"column":22},"end":{"line":7,"column":83}},"5":{"start":{"line":8,"column":27},"end":{"line":8,"column":66}},"6":{"start":{"line":9,"column":26},"end":{"line":9,"column":86}},"7":{"start":{"line":12,"column":0},"end":{"line":14,"column":null}},"8":{"start":{"line":13,"column":2},"end":{"line":13,"column":71}},"9":{"start":{"line":20,"column":19},"end":{"line":20,"column":45}},"10":{"start":{"line":22,"column":2},"end":{"line":25,"column":null}},"11":{"start":{"line":23,"column":4},"end":{"line":23,"column":54}},"12":{"start":{"line":24,"column":4},"end":{"line":24,"column":11}},"13":{"start":{"line":27,"column":2},"end":{"line":36,"column":null}},"14":{"start":{"line":29,"column":4},"end":{"line":29,"column":18}},"15":{"start":{"line":32,"column":24},"end":{"line":32,"column":56}},"16":{"start":{"line":33,"column":4},"end":{"line":33,"column":33}},"17":{"start":{"line":35,"column":4},"end":{"line":35,"column":28}},"18":{"start":{"line":40,"column":0},"end":{"line":42,"column":null}},"19":{"start":{"line":41,"column":2},"end":{"line":41,"column":56}},"20":{"start":{"line":45,"column":0},"end":{"line":57,"column":null}},"21":{"start":{"line":46,"column":2},"end":{"line":50,"column":5}},"22":{"start":{"line":47,"column":4},"end":{"line":49,"column":null}},"23":{"start":{"line":48,"column":6},"end":{"line":48,"column":22}},"24":{"start":{"line":53,"column":2},"end":{"line":56,"column":11}},"25":{"start":{"line":60,"column":0},"end":{"line":62,"column":null}},"26":{"start":{"line":61,"column":2},"end":{"line":61,"column":62}},"27":{"start":{"line":65,"column":0},"end":{"line":72,"column":3}},"28":{"start":{"line":67,"column":2},"end":{"line":67,"column":20}},"29":{"start":{"line":70,"column":2},"end":{"line":70,"column":33}},"30":{"start":{"line":71,"column":2},"end":{"line":71,"column":18}}},"fnMap":{"0":{"name":"searchWeather","decl":{"start":{"line":19,"column":15},"end":{"line":19,"column":28}},"loc":{"start":{"line":19,"column":28},"end":{"line":37,"column":null}}},"1":{"name":"(anonymous_9)","decl":{"start":{"line":46,"column":45},"end":{"line":46,"column":46}},"loc":{"start":{"line":46,"column":70},"end":{"line":50,"column":3}}},"2":{"name":"(anonymous_10)","decl":{"start":{"line":53,"column":51},"end":{"line":53,"column":54}},"loc":{"start":{"line":53,"column":56},"end":{"line":56,"column":3}}},"3":{"name":"(anonymous_11)","decl":{"start":{"line":65,"column":32},"end":{"line":65,"column":35}},"loc":{"start":{"line":65,"column":37},"end":{"line":72,"column":1}}}},"branchMap":{"0":{"loc":{"start":{"line":12,"column":0},"end":{"line":14,"column":null}},"type":"if","locations":[{"start":{"line":12,"column":0},"end":{"line":14,"column":null}}]},"1":{"loc":{"start":{"line":22,"column":2},"end":{"line":25,"column":null}},"type":"if","locations":[{"start":{"line":22,"column":2},"end":{"line":25,"column":null}}]},"2":{"loc":{"start":{"line":40,"column":0},"end":{"line":42,"column":null}},"type":"if","locations":[{"start":{"line":40,"column":0},"end":{"line":42,"column":null}}]},"3":{"loc":{"start":{"line":45,"column":0},"end":{"line":57,"column":null}},"type":"if","locations":[{"start":{"line":45,"column":0},"end":{"line":57,"column":null}}]},"4":{"loc":{"start":{"line":47,"column":4},"end":{"line":49,"column":null}},"type":"if","locations":[{"start":{"line":47,"column":4},"end":{"line":49,"column":null}}]},"5":{"loc":{"start":{"line":60,"column":0},"end":{"line":62,"column":null}},"type":"if","locations":[{"start":{"line":60,"column":0},"end":{"line":62,"column":null}}]}},"s":{"0":0,"1":0,"2":0,"3":0,"4":0,"5":0,"6":0,"7":0,"8":0,"9":0,"10":0,"11":0,"12":0,"13":0,"14":0,"15":0,"16":0,"17":0,"18":0,"19":0,"20":0,"21":0,"22":0,"23":0,"24":0,"25":0,"26":0,"27":0,"28":0,"29":0,"30":0},"f":{"0":0,"1":0,"2":0,"3":0},"b":{"0":[0],"1":[0],"2":[0],"3":[0],"4":[0],"5":[0]}}
,"/Users/mkhan259/Documents/Side/weather-dashboard/src/ui.ts": {"path":"/Users/mkhan259/Documents/Side/weather-dashboard/src/ui.ts","statementMap":{"0":{"start":{"line":2,"column":0},"end":{"line":2,"column":64}},"1":{"start":{"line":10,"column":2},"end":{"line":10,"column":14}},"2":{"start":{"line":13,"column":32},"end":{"line":13,"column":74}},"3":{"start":{"line":14,"column":2},"end":{"line":51,"column":null}},"4":{"start":{"line":15,"column":4},"end":{"line":50,"column":6}},"5":{"start":{"line":54,"column":26},"end":{"line":54,"column":61}},"6":{"start":{"line":55,"column":2},"end":{"line":69,"column":null}},"7":{"start":{"line":56,"column":4},"end":{"line":68,"column":16}},"8":{"start":{"line":56,"column":57},"end":{"line":68,"column":6}},"9":{"start":{"line":8,"column":0},"end":{"line":8,"column":16}},"10":{"start":{"line":77,"column":25},"end":{"line":77,"column":67}},"11":{"start":{"line":78,"column":2},"end":{"line":84,"column":null}},"12":{"start":{"line":79,"column":4},"end":{"line":79,"column":43}},"13":{"start":{"line":80,"column":4},"end":{"line":83,"column":6}},"14":{"start":{"line":76,"column":0},"end":{"line":76,"column":16}},"15":{"start":{"line":91,"column":25},"end":{"line":91,"column":67}},"16":{"start":{"line":92,"column":2},"end":{"line":95,"column":null}},"17":{"start":{"line":93,"column":4},"end":{"line":93,"column":42}},"18":{"start":{"line":94,"column":4},"end":{"line":94,"column":34}},"19":{"start":{"line":90,"column":0},"end":{"line":90,"column":16}},"20":{"start":{"line":102,"column":32},"end":{"line":102,"column":74}},"21":{"start":{"line":103,"column":26},"end":{"line":103,"column":61}},"22":{"start":{"line":105,"column":2},"end":{"line":107,"column":null}},"23":{"start":{"line":106,"column":4},"end":{"line":106,"column":79}},"24":{"start":{"line":109,"column":2},"end":{"line":111,"column":null}},"25":{"start":{"line":110,"column":4},"end":{"line":110,"column":66}},"26":{"start":{"line":101,"column":0},"end":{"line":101,"column":16}}},"fnMap":{"0":{"name":"updateWeatherUI","decl":{"start":{"line":8,"column":16},"end":{"line":8,"column":31}},"loc":{"start":{"line":8,"column":49},"end":{"line":70,"column":1}}},"1":{"name":"(anonymous_1)","decl":{"start":{"line":56,"column":50},"end":{"line":56,"column":53}},"loc":{"start":{"line":56,"column":57},"end":{"line":68,"column":6}}},"2":{"name":"showError","decl":{"start":{"line":76,"column":16},"end":{"line":76,"column":25}},"loc":{"start":{"line":76,"column":41},"end":{"line":85,"column":1}}},"3":{"name":"hideError","decl":{"start":{"line":90,"column":16},"end":{"line":90,"column":25}},"loc":{"start":{"line":90,"column":25},"end":{"line":96,"column":1}}},"4":{"name":"showLoading","decl":{"start":{"line":101,"column":16},"end":{"line":101,"column":27}},"loc":{"start":{"line":101,"column":27},"end":{"line":112,"column":1}}}},"branchMap":{"0":{"loc":{"start":{"line":14,"column":2},"end":{"line":51,"column":null}},"type":"if","locations":[{"start":{"line":14,"column":2},"end":{"line":51,"column":null}}]},"1":{"loc":{"start":{"line":19,"column":15},"end":{"line":19,"column":52}},"type":"cond-expr","locations":[{"start":{"line":19,"column":29},"end":{"line":19,"column":47}},{"start":{"line":19,"column":50},"end":{"line":19,"column":52}}]},"2":{"loc":{"start":{"line":55,"column":2},"end":{"line":69,"column":null}},"type":"if","locations":[{"start":{"line":55,"column":2},"end":{"line":69,"column":null}}]},"3":{"loc":{"start":{"line":78,"column":2},"end":{"line":84,"column":null}},"type":"if","locations":[{"start":{"line":78,"column":2},"end":{"line":84,"column":null}}]},"4":{"loc":{"start":{"line":82,"column":8},"end":{"line":82,"column":61}},"type":"cond-expr","locations":[{"start":{"line":82,"column":21},"end":{"line":82,"column":56}},{"start":{"line":82,"column":59},"end":{"line":82,"column":61}}]},"5":{"loc":{"start":{"line":92,"column":2},"end":{"line":95,"column":null}},"type":"if","locations":[{"start":{"line":92,"column":2},"end":{"line":95,"column":null}}]},"6":{"loc":{"start":{"line":105,"column":2},"end":{"line":107,"column":null}},"type":"if","locations":[{"start":{"line":105,"column":2},"end":{"line":107,"column":null}}]},"7":{"loc":{"start":{"line":109,"column":2},"end":{"line":111,"column":null}},"type":"if","locations":[{"start":{"line":109,"column":2},"end":{"line":111,"column":null}}]}},"s":{"0":2,"1":1,"2":1,"3":1,"4":1,"5":1,"6":1,"7":1,"8":2,"9":2,"10":1,"11":1,"12":1,"13":1,"14":2,"15":2,"16":2,"17":2,"18":2,"19":2,"20":1,"21":1,"22":1,"23":1,"24":1,"25":1,"26":2},"f":{"0":1,"1":2,"2":1,"3":2,"4":1},"b":{"0":[1],"1":[1,0],"2":[1],"3":[1],"4":[1,0],"5":[2],"6":[1],"7":[1]}}
,"/Users/mkhan259/Documents/Side/weather-dashboard/src/utils.ts": {"path":"/Users/mkhan259/Documents/Side/weather-dashboard/src/utils.ts","statementMap":{"0":{"start":{"line":7,"column":17},"end":{"line":7,"column":37}},"1":{"start":{"line":8,"column":4},"end":{"line":12,"column":7}},"2":{"start":{"line":6,"column":0},"end":{"line":6,"column":16}},"3":{"start":{"line":27,"column":4},"end":{"line":32,"column":6}},"4":{"start":{"line":28,"column":6},"end":{"line":28,"column":30}},"5":{"start":{"line":29,"column":6},"end":{"line":31,"column":16}},"6":{"start":{"line":30,"column":8},"end":{"line":30,"column":22}},"7":{"start":{"line":21,"column":2},"end":{"line":21,"column":18}},"8":{"start":{"line":41,"column":4},"end":{"line":41,"column":36}},"9":{"start":{"line":41,"column":19},"end":{"line":41,"column":36}},"10":{"start":{"line":42,"column":4},"end":{"line":42,"column":37}},"11":{"start":{"line":42,"column":20},"end":{"line":42,"column":37}},"12":{"start":{"line":43,"column":4},"end":{"line":43,"column":37}},"13":{"start":{"line":43,"column":20},"end":{"line":43,"column":37}},"14":{"start":{"line":44,"column":4},"end":{"line":44,"column":37}},"15":{"start":{"line":44,"column":20},"end":{"line":44,"column":37}},"16":{"start":{"line":45,"column":4},"end":{"line":45,"column":21}},"17":{"start":{"line":40,"column":2},"end":{"line":40,"column":18}},"18":{"start":{"line":54,"column":4},"end":{"line":54,"column":58}},"19":{"start":{"line":54,"column":17},"end":{"line":54,"column":58}},"20":{"start":{"line":55,"column":4},"end":{"line":55,"column":63}},"21":{"start":{"line":55,"column":17},"end":{"line":55,"column":63}},"22":{"start":{"line":56,"column":4},"end":{"line":56,"column":59}},"23":{"start":{"line":56,"column":17},"end":{"line":56,"column":59}},"24":{"start":{"line":57,"column":4},"end":{"line":57,"column":65}},"25":{"start":{"line":57,"column":18},"end":{"line":57,"column":65}},"26":{"start":{"line":58,"column":4},"end":{"line":58,"column":49}},"27":{"start":{"line":53,"column":2},"end":{"line":53,"column":18}},"28":{"start":{"line":65,"column":17},"end":{"line":65,"column":41}},"29":{"start":{"line":66,"column":23},"end":{"line":66,"column":58}},"30":{"start":{"line":69,"column":4},"end":{"line":69,"column":74}},"31":{"start":{"line":64,"column":2},"end":{"line":64,"column":18}},"32":{"start":{"line":76,"column":23},"end":{"line":76,"column":55}},"33":{"start":{"line":77,"column":30},"end":{"line":77,"column":79}},"34":{"start":{"line":79,"column":4},"end":{"line":81,"column":null}},"35":{"start":{"line":80,"column":6},"end":{"line":80,"column":59}},"36":{"start":{"line":75,"column":2},"end":{"line":75,"column":18}}},"fnMap":{"0":{"name":"formatDate","decl":{"start":{"line":6,"column":16},"end":{"line":6,"column":26}},"loc":{"start":{"line":6,"column":45},"end":{"line":13,"column":3}}},"1":{"name":"debounce","decl":{"start":{"line":21,"column":18},"end":{"line":21,"column":26}},"loc":{"start":{"line":23,"column":17},"end":{"line":33,"column":3}}},"2":{"name":"(anonymous_2)","decl":{"start":{"line":27,"column":11},"end":{"line":27,"column":20}},"loc":{"start":{"line":27,"column":42},"end":{"line":32,"column":5}}},"3":{"name":"(anonymous_3)","decl":{"start":{"line":29,"column":29},"end":{"line":29,"column":32}},"loc":{"start":{"line":29,"column":34},"end":{"line":31,"column":7}}},"4":{"name":"getTemperatureColor","decl":{"start":{"line":40,"column":18},"end":{"line":40,"column":37}},"loc":{"start":{"line":40,"column":50},"end":{"line":46,"column":3}}},"5":{"name":"getUVDescription","decl":{"start":{"line":53,"column":18},"end":{"line":53,"column":34}},"loc":{"start":{"line":53,"column":45},"end":{"line":59,"column":3}}},"6":{"name":"toggleDarkMode","decl":{"start":{"line":64,"column":18},"end":{"line":64,"column":32}},"loc":{"start":{"line":64,"column":32},"end":{"line":70,"column":3}}},"7":{"name":"initializeTheme","decl":{"start":{"line":75,"column":18},"end":{"line":75,"column":33}},"loc":{"start":{"line":75,"column":33},"end":{"line":82,"column":3}}}},"branchMap":{"0":{"loc":{"start":{"line":41,"column":4},"end":{"line":41,"column":36}},"type":"if","locations":[{"start":{"line":41,"column":4},"end":{"line":41,"column":36}}]},"1":{"loc":{"start":{"line":42,"column":4},"end":{"line":42,"column":37}},"type":"if","locations":[{"start":{"line":42,"column":4},"end":{"line":42,"column":37}}]},"2":{"loc":{"start":{"line":43,"column":4},"end":{"line":43,"column":37}},"type":"if","locations":[{"start":{"line":43,"column":4},"end":{"line":43,"column":37}}]},"3":{"loc":{"start":{"line":44,"column":4},"end":{"line":44,"column":37}},"type":"if","locations":[{"start":{"line":44,"column":4},"end":{"line":44,"column":37}}]},"4":{"loc":{"start":{"line":54,"column":4},"end":{"line":54,"column":58}},"type":"if","locations":[{"start":{"line":54,"column":4},"end":{"line":54,"column":58}}]},"5":{"loc":{"start":{"line":55,"column":4},"end":{"line":55,"column":63}},"type":"if","locations":[{"start":{"line":55,"column":4},"end":{"line":55,"column":63}}]},"6":{"loc":{"start":{"line":56,"column":4},"end":{"line":56,"column":59}},"type":"if","locations":[{"start":{"line":56,"column":4},"end":{"line":56,"column":59}}]},"7":{"loc":{"start":{"line":57,"column":4},"end":{"line":57,"column":65}},"type":"if","locations":[{"start":{"line":57,"column":4},"end":{"line":57,"column":65}}]},"8":{"loc":{"start":{"line":69,"column":37},"end":{"line":69,"column":72}},"type":"cond-expr","locations":[{"start":{"line":69,"column":50},"end":{"line":69,"column":59}},{"start":{"line":69,"column":62},"end":{"line":69,"column":72}}]},"9":{"loc":{"start":{"line":79,"column":4},"end":{"line":81,"column":null}},"type":"if","locations":[{"start":{"line":79,"column":4},"end":{"line":81,"column":null}}]},"10":{"loc":{"start":{"line":79,"column":8},"end":{"line":79,"column":86}},"type":"binary-expr","locations":[{"start":{"line":79,"column":8},"end":{"line":79,"column":32}},{"start":{"line":79,"column":37},"end":{"line":79,"column":56}},{"start":{"line":79,"column":60},"end":{"line":79,"column":85}}]}},"s":{"0":3,"1":3,"2":6,"3":1,"4":3,"5":3,"6":1,"7":6,"8":14,"9":2,"10":12,"11":2,"12":10,"13":4,"14":6,"15":5,"16":1,"17":6,"18":7,"19":1,"20":6,"21":3,"22":3,"23":1,"24":2,"25":1,"26":1,"27":6,"28":2,"29":2,"30":2,"31":6,"32":4,"33":4,"34":4,"35":2,"36":6},"f":{"0":3,"1":1,"2":3,"3":1,"4":14,"5":7,"6":2,"7":4},"b":{"0":[2],"1":[2],"2":[4],"3":[5],"4":[1],"5":[3],"6":[1],"7":[1],"8":[1,1],"9":[2],"10":[4,3,2]}}
}
