TN:
SF:src/api.ts
FN:16,fetchWeatherData
FN:53,processWeatherData
FN:55,(anonymous_11)
FNF:3
FNH:3
FNDA:3,fetchWeatherData
FNDA:1,processWeatherData
FNDA:2,(anonymous_11)
DA:1,2
DA:3,2
DA:7,2
DA:8,2
DA:16,2
DA:17,3
DA:18,3
DA:28,1
DA:30,2
DA:32,1
DA:33,1
DA:35,1
DA:42,1
DA:55,2
DA:64,1
LF:15
LH:15
BRDA:30,0,0,1
BRDA:32,1,0,1
BRDA:32,1,1,0
BRDA:32,2,0,0
BRDA:32,2,1,1
BRDA:32,3,0,1
BRDA:32,3,1,1
BRDA:32,4,0,0
BRDA:32,4,1,1
BRDA:32,5,0,1
BRDA:32,5,1,1
BRDA:32,6,0,0
BRDA:32,6,1,1
BRDA:32,7,0,1
BRDA:32,7,1,1
BRDA:33,8,0,0
BRDA:33,8,1,1
BRDA:33,9,0,1
BRDA:33,9,1,1
BRF:19
BRH:14
end_of_record
TN:
SF:src/index.ts
FN:19,searchWeather
FN:46,(anonymous_9)
FN:53,(anonymous_10)
FN:65,(anonymous_11)
FNF:4
FNH:0
FNDA:0,searchWeather
FNDA:0,(anonymous_9)
FNDA:0,(anonymous_10)
FNDA:0,(anonymous_11)
DA:1,0
DA:2,0
DA:3,0
DA:6,0
DA:7,0
DA:8,0
DA:9,0
DA:12,0
DA:13,0
DA:20,0
DA:22,0
DA:23,0
DA:24,0
DA:27,0
DA:29,0
DA:32,0
DA:33,0
DA:35,0
DA:40,0
DA:41,0
DA:45,0
DA:46,0
DA:47,0
DA:48,0
DA:53,0
DA:60,0
DA:61,0
DA:65,0
DA:67,0
DA:70,0
DA:71,0
LF:31
LH:0
BRDA:12,0,0,0
BRDA:22,1,0,0
BRDA:40,2,0,0
BRDA:45,3,0,0
BRDA:47,4,0,0
BRDA:60,5,0,0
BRF:6
BRH:0
end_of_record
TN:
SF:src/ui.ts
FN:8,updateWeatherUI
FN:56,(anonymous_1)
FN:76,showError
FN:90,hideError
FN:101,showLoading
FNF:5
FNH:5
FNDA:1,updateWeatherUI
FNDA:2,(anonymous_1)
FNDA:1,showError
FNDA:2,hideError
FNDA:1,showLoading
DA:2,2
DA:8,2
DA:10,1
DA:13,1
DA:14,1
DA:15,1
DA:54,1
DA:55,1
DA:56,2
DA:76,2
DA:77,1
DA:78,1
DA:79,1
DA:80,1
DA:90,2
DA:91,2
DA:92,2
DA:93,2
DA:94,2
DA:101,2
DA:102,1
DA:103,1
DA:105,1
DA:106,1
DA:109,1
DA:110,1
LF:26
LH:26
BRDA:14,0,0,1
BRDA:19,1,0,1
BRDA:19,1,1,0
BRDA:55,2,0,1
BRDA:78,3,0,1
BRDA:82,4,0,1
BRDA:82,4,1,0
BRDA:92,5,0,2
BRDA:105,6,0,1
BRDA:109,7,0,1
BRF:10
BRH:8
end_of_record
TN:
SF:src/utils.ts
FN:6,formatDate
FN:21,debounce
FN:27,(anonymous_2)
FN:29,(anonymous_3)
FN:40,getTemperatureColor
FN:53,getUVDescription
FN:64,toggleDarkMode
FN:75,initializeTheme
FNF:8
FNH:8
FNDA:3,formatDate
FNDA:1,debounce
FNDA:3,(anonymous_2)
FNDA:1,(anonymous_3)
FNDA:14,getTemperatureColor
FNDA:7,getUVDescription
FNDA:2,toggleDarkMode
FNDA:4,initializeTheme
DA:6,6
DA:7,3
DA:8,3
DA:21,6
DA:27,1
DA:28,3
DA:29,3
DA:30,1
DA:40,6
DA:41,14
DA:42,12
DA:43,10
DA:44,6
DA:45,1
DA:53,6
DA:54,7
DA:55,6
DA:56,3
DA:57,2
DA:58,1
DA:64,6
DA:65,2
DA:66,2
DA:69,2
DA:75,6
DA:76,4
DA:77,4
DA:79,4
DA:80,2
LF:29
LH:29
BRDA:41,0,0,2
BRDA:42,1,0,2
BRDA:43,2,0,4
BRDA:44,3,0,5
BRDA:54,4,0,1
BRDA:55,5,0,3
BRDA:56,6,0,1
BRDA:57,7,0,1
BRDA:69,8,0,1
BRDA:69,8,1,1
BRDA:79,9,0,2
BRDA:79,10,0,4
BRDA:79,10,1,3
BRDA:79,10,2,2
BRF:14
BRH:14
end_of_record
